Flow report for Omdazz_CyclIV_Calcul
<<<<<<< HEAD
Mon Jan 06 15:59:41 2025
=======
Mon Jan 06 15:46:52 2025
>>>>>>> 211b8e1a2c7f55b8ec1f18e01cfc0cfba70d4e21
Quartus Prime Version 20.1.1 Build 720 11/11/2020 SJ Standard Edition


---------------------
; Table of Contents ;
---------------------
  1. Legal Notice
  2. Flow Summary
  3. Flow Settings
  4. Flow Non-Default Global Settings
  5. Flow Elapsed Time
  6. Flow OS Summary
  7. Flow Log
  8. Flow Messages
  9. Flow Suppressed Messages



----------------
; Legal Notice ;
----------------
Copyright (C) 2020  Intel Corporation. All rights reserved.
Your use of Intel Corporation's design tools, logic functions 
and other software and tools, and any partner logic 
functions, and any output files from any of the foregoing 
(including device programming or simulation files), and any 
associated documentation or information are expressly subject 
to the terms and conditions of the Intel Program License 
Subscription Agreement, the Intel Quartus Prime License Agreement,
the Intel FPGA IP License Agreement, or other applicable license
agreement, including, without limitation, that your use is for
the sole purpose of programming logic devices manufactured by
Intel and sold by Intel or its authorized distributors.  Please
refer to the applicable agreement for further details, at
https://fpgasoftware.intel.com/eula.



+--------------------------------------------------------------------------------------+
; Flow Summary                                                                         ;
+------------------------------------+-------------------------------------------------+
<<<<<<< HEAD
; Flow Status                        ; Successful - Mon Jan 06 15:59:41 2025           ;
=======
; Flow Status                        ; Successful - Mon Jan 06 15:46:52 2025           ;
>>>>>>> 211b8e1a2c7f55b8ec1f18e01cfc0cfba70d4e21
; Quartus Prime Version              ; 20.1.1 Build 720 11/11/2020 SJ Standard Edition ;
; Revision Name                      ; Omdazz_CyclIV_Calcul                            ;
; Top-level Entity Name              ; Omdazz_calcul_top                               ;
; Family                             ; Cyclone IV E                                    ;
; Device                             ; EP4CE10E22C8                                    ;
; Timing Models                      ; Final                                           ;
; Total logic elements               ; 154 / 10,320 ( 1 % )                            ;
;     Total combinational functions  ; 148 / 10,320 ( 1 % )                            ;
;     Dedicated logic registers      ; 115 / 10,320 ( 1 % )                            ;
; Total registers                    ; 115                                             ;
; Total pins                         ; 86 / 92 ( 93 % )                                ;
; Total virtual pins                 ; 0                                               ;
; Total memory bits                  ; 0 / 423,936 ( 0 % )                             ;
; Embedded Multiplier 9-bit elements ; 0 / 46 ( 0 % )                                  ;
; Total PLLs                         ; 0 / 2 ( 0 % )                                   ;
+------------------------------------+-------------------------------------------------+


+------------------------------------------+
; Flow Settings                            ;
+-------------------+----------------------+
; Option            ; Setting              ;
+-------------------+----------------------+
<<<<<<< HEAD
; Start date & time ; 01/06/2025 15:59:21  ;
=======
; Start date & time ; 01/06/2025 15:46:29  ;
>>>>>>> 211b8e1a2c7f55b8ec1f18e01cfc0cfba70d4e21
; Main task         ; Compilation          ;
; Revision Name     ; Omdazz_CyclIV_Calcul ;
+-------------------+----------------------+


+--------------------------------------------------------------------------------------------------------------------------------------+
; Flow Non-Default Global Settings                                                                                                     ;
+-------------------------------------+----------------------------------------+----------------------+-------------------+------------+
; Assignment Name                     ; Value                                  ; Default Value        ; Entity Name       ; Section Id ;
+-------------------------------------+----------------------------------------+----------------------+-------------------+------------+
<<<<<<< HEAD
; COMPILER_SIGNATURE_ID               ; 163519832247387.173616836001388        ; --                   ; --                ; --         ;
=======
; COMPILER_SIGNATURE_ID               ; 163519832247387.173616758910804        ; --                   ; --                ; --         ;
>>>>>>> 211b8e1a2c7f55b8ec1f18e01cfc0cfba70d4e21
; ENABLE_SIGNALTAP                    ; On                                     ; --                   ; --                ; --         ;
; MAX_CORE_JUNCTION_TEMP              ; 85                                     ; --                   ; --                ; --         ;
; MIN_CORE_JUNCTION_TEMP              ; 0                                      ; --                   ; --                ; --         ;
; MISC_FILE                           ; pll_0_bb.v                             ; --                   ; --                ; --         ;
; MISC_FILE                           ; pll_0.ppf                              ; --                   ; --                ; --         ;
; NOMINAL_CORE_SUPPLY_VOLTAGE         ; 1.2V                                   ; --                   ; --                ; --         ;
; PARTITION_COLOR                     ; -- (Not supported for targeted family) ; --                   ; Omdazz_calcul_top ; Top        ;
; PARTITION_FITTER_PRESERVATION_LEVEL ; -- (Not supported for targeted family) ; --                   ; Omdazz_calcul_top ; Top        ;
; PARTITION_NETLIST_TYPE              ; -- (Not supported for targeted family) ; --                   ; Omdazz_calcul_top ; Top        ;
; POWER_BOARD_THERMAL_MODEL           ; None (CONSERVATIVE)                    ; --                   ; --                ; --         ;
; POWER_PRESET_COOLING_SOLUTION       ; 23 MM HEAT SINK WITH 200 LFPM AIRFLOW  ; --                   ; --                ; --         ;
; PROJECT_OUTPUT_DIRECTORY            ; output_files                           ; --                   ; --                ; --         ;
; SLD_FILE                            ; db/stp1_auto_stripped.stp              ; --                   ; --                ; --         ;
; TOP_LEVEL_ENTITY                    ; Omdazz_calcul_top                      ; Omdazz_CyclIV_Calcul ; --                ; --         ;
; USE_SIGNALTAP_FILE                  ; stp1.stp                               ; --                   ; --                ; --         ;
+-------------------------------------+----------------------------------------+----------------------+-------------------+------------+


+--------------------------------------------------------------------------------------------------------------------------+
; Flow Elapsed Time                                                                                                        ;
+----------------------+--------------+-------------------------+---------------------+------------------------------------+
; Module Name          ; Elapsed Time ; Average Processors Used ; Peak Virtual Memory ; Total CPU Time (on all processors) ;
+----------------------+--------------+-------------------------+---------------------+------------------------------------+
<<<<<<< HEAD
; Analysis & Synthesis ; 00:00:11     ; 1.0                     ; 4762 MB             ; 00:00:26                           ;
; Fitter               ; 00:00:06     ; 1.0                     ; 5525 MB             ; 00:00:07                           ;
; Assembler            ; 00:00:01     ; 1.0                     ; 4682 MB             ; 00:00:01                           ;
; Total                ; 00:00:18     ; --                      ; --                  ; 00:00:34                           ;
=======
; Analysis & Synthesis ; 00:00:12     ; 1.0                     ; 4756 MB             ; 00:00:26                           ;
; Fitter               ; 00:00:07     ; 1.0                     ; 5526 MB             ; 00:00:08                           ;
; Assembler            ; 00:00:01     ; 1.0                     ; 4682 MB             ; 00:00:01                           ;
; Total                ; 00:00:20     ; --                      ; --                  ; 00:00:35                           ;
>>>>>>> 211b8e1a2c7f55b8ec1f18e01cfc0cfba70d4e21
+----------------------+--------------+-------------------------+---------------------+------------------------------------+


+------------------------------------------------------------------------------------+
; Flow OS Summary                                                                    ;
+----------------------+------------------+------------+------------+----------------+
; Module Name          ; Machine Hostname ; OS Name    ; OS Version ; Processor type ;
+----------------------+------------------+------------+------------+----------------+
; Analysis & Synthesis ; LAPTOP-JSB8OCIT  ; Windows 10 ; 10.0       ; x86_64         ;
; Fitter               ; LAPTOP-JSB8OCIT  ; Windows 10 ; 10.0       ; x86_64         ;
; Assembler            ; LAPTOP-JSB8OCIT  ; Windows 10 ; 10.0       ; x86_64         ;
+----------------------+------------------+------------+------------+----------------+


------------
; Flow Log ;
------------
quartus_map --read_settings_files=on --write_settings_files=off Omdazz_CyclIV_Calcul -c Omdazz_CyclIV_Calcul
quartus_fit --read_settings_files=on --write_settings_files=off Omdazz_CyclIV_Calcul -c Omdazz_CyclIV_Calcul
quartus_asm --read_settings_files=off --write_settings_files=off Omdazz_CyclIV_Calcul -c Omdazz_CyclIV_Calcul



